
*** Running vivado
    with args -log RISC_CPU.vdi -applog -m64 -product Vivado -messageDb vivado.pb -mode batch -source RISC_CPU.tcl -notrace



****** Vivado v2024.2 (64-bit)
  **** SW Build 5239630 on Fri Nov 08 22:35:27 MST 2024
  **** IP Build 5239520 on Sun Nov 10 16:12:51 MST 2024
  **** SharedData Build 5239561 on Fri Nov 08 14:39:27 MST 2024
  **** Start of session at: Mon May  4 15:02:30 2026
    ** Copyright 1986-2022 Xilinx, Inc. All Rights Reserved.
    ** Copyright 2022-2024 Advanced Micro Devices, Inc. All Rights Reserved.

source RISC_CPU.tcl -notrace
Command: link_design -top RISC_CPU -part xc7a100tcsg324-1
Design is defaulting to srcset: sources_1
Design is defaulting to constrset: constrs_1
INFO: [Device 21-403] Loading part xc7a100tcsg324-1
Netlist sorting complete. Time (s): cpu = 00:00:00 ; elapsed = 00:00:00.035 . Memory (MB): peak = 607.227 ; gain = 0.000
INFO: [Netlist 29-17] Analyzing 850 Unisim elements for replacement
INFO: [Netlist 29-28] Unisim Transformation completed in 0 CPU seconds
WARNING: [Netlist 29-101] Netlist 'RISC_CPU' is not ideal for floorplanning, since the cellview 'data_ram' contains a large number of primitives.  Please consider enabling hierarchy in synthesis if you want to do floorplanning.
INFO: [Project 1-479] Netlist was created with Vivado 2024.2
INFO: [Project 1-570] Preparing netlist for logic optimization
Parsing XDC File [C:/Users/jjnat/Vault 451/Quote/Projects/Digital Design Techniques and Verification/Final Project/Digital-Lock-Custom-16-bit-RISC-Soc/srcV2/srcV2.srcs/constrs_1/imports/References/NexysA7-100t.xdc]
Finished Parsing XDC File [C:/Users/jjnat/Vault 451/Quote/Projects/Digital Design Techniques and Verification/Final Project/Digital-Lock-Custom-16-bit-RISC-Soc/srcV2/srcV2.srcs/constrs_1/imports/References/NexysA7-100t.xdc]
INFO: [Opt 31-138] Pushed 0 inverter(s) to 0 load pin(s).
Netlist sorting complete. Time (s): cpu = 00:00:00 ; elapsed = 00:00:00.001 . Memory (MB): peak = 746.520 ; gain = 0.000
INFO: [Project 1-111] Unisim Transformation Summary:
No Unisim elements were transformed.

7 Infos, 1 Warnings, 0 Critical Warnings and 0 Errors encountered.
link_design completed successfully
link_design: Time (s): cpu = 00:00:05 ; elapsed = 00:00:07 . Memory (MB): peak = 750.504 ; gain = 361.082
Command: opt_design
Attempting to get a license for feature 'Implementation' and/or device 'xc7a100t'
INFO: [Common 17-349] Got license for feature 'Implementation' and/or device 'xc7a100t'
Running DRC as a precondition to command opt_design

Starting DRC Task
INFO: [DRC 23-27] Running DRC with 2 threads
INFO: [Project 1-461] DRC finished with 0 Errors
INFO: [Project 1-462] Please refer to the DRC report (report_drc) for more information.

Time (s): cpu = 00:00:02 ; elapsed = 00:00:01 . Memory (MB): peak = 780.742 ; gain = 30.238

Starting Cache Timing Information Task
INFO: [Timing 38-35] Done setting XDC timing constraints.
Ending Cache Timing Information Task | Checksum: 2923c9b5a

Time (s): cpu = 00:00:08 ; elapsed = 00:00:08 . Memory (MB): peak = 1332.141 ; gain = 551.398

Starting Logic Optimization Task

Phase 1 Initialization

Phase 1.1 Core Generation And Design Setup
Phase 1.1 Core Generation And Design Setup | Checksum: 2923c9b5a

Time (s): cpu = 00:00:00 ; elapsed = 00:00:00.006 . Memory (MB): peak = 1735.316 ; gain = 0.000

Phase 1.2 Setup Constraints And Sort Netlist
Phase 1.2 Setup Constraints And Sort Netlist | Checksum: 2923c9b5a

Time (s): cpu = 00:00:00 ; elapsed = 00:00:00.011 . Memory (MB): peak = 1735.316 ; gain = 0.000
Phase 1 Initialization | Checksum: 2923c9b5a

Time (s): cpu = 00:00:00 ; elapsed = 00:00:00.012 . Memory (MB): peak = 1735.316 ; gain = 0.000

Phase 2 Timer Update And Timing Data Collection

Phase 2.1 Timer Update
Phase 2.1 Timer Update | Checksum: 2923c9b5a

Time (s): cpu = 00:00:00 ; elapsed = 00:00:00.159 . Memory (MB): peak = 1735.316 ; gain = 0.000

Phase 2.2 Timing Data Collection
Phase 2.2 Timing Data Collection | Checksum: 2923c9b5a

Time (s): cpu = 00:00:00 ; elapsed = 00:00:00.172 . Memory (MB): peak = 1735.316 ; gain = 0.000
Phase 2 Timer Update And Timing Data Collection | Checksum: 2923c9b5a

Time (s): cpu = 00:00:00 ; elapsed = 00:00:00.173 . Memory (MB): peak = 1735.316 ; gain = 0.000

Phase 3 Retarget
INFO: [Opt 31-1851] Number of loadless carry chains removed were: 0
INFO: [Opt 31-1834] Total Chains To Be Transformed Were: 0 AND Number of Transformed insts Created are: 0
INFO: [Opt 31-138] Pushed 0 inverter(s) to 0 load pin(s).
INFO: [Opt 31-49] Retargeted 0 cell(s).
Phase 3 Retarget | Checksum: 2923c9b5a

Time (s): cpu = 00:00:00 ; elapsed = 00:00:00.239 . Memory (MB): peak = 1735.316 ; gain = 0.000
Retarget | Checksum: 2923c9b5a
INFO: [Opt 31-389] Phase Retarget created 0 cells and removed 0 cells

Phase 4 Constant propagation
INFO: [Opt 31-138] Pushed 0 inverter(s) to 0 load pin(s).
Phase 4 Constant propagation | Checksum: 2923c9b5a

Time (s): cpu = 00:00:00 ; elapsed = 00:00:00.282 . Memory (MB): peak = 1735.316 ; gain = 0.000
Constant propagation | Checksum: 2923c9b5a
INFO: [Opt 31-389] Phase Constant propagation created 0 cells and removed 0 cells

Phase 5 Sweep
INFO: [Constraints 18-11670] Building netlist checker database with flags, 0x8
Done building netlist checker database: Time (s): cpu = 00:00:00 ; elapsed = 00:00:00 . Memory (MB): peak = 1735.316 ; gain = 0.000
Phase 5 Sweep | Checksum: 22c2ceafc

Time (s): cpu = 00:00:00 ; elapsed = 00:00:00.331 . Memory (MB): peak = 1735.316 ; gain = 0.000
Sweep | Checksum: 22c2ceafc
INFO: [Opt 31-389] Phase Sweep created 16 cells and removed 0 cells

Phase 6 BUFG optimization
Phase 6 BUFG optimization | Checksum: 22c2ceafc

Time (s): cpu = 00:00:00 ; elapsed = 00:00:00.416 . Memory (MB): peak = 1735.316 ; gain = 0.000
BUFG optimization | Checksum: 22c2ceafc
INFO: [Opt 31-662] Phase BUFG optimization created 0 cells of which 0 are BUFGs and removed 0 cells.

Phase 7 Shift Register Optimization
INFO: [Opt 31-1064] SRL Remap converted 0 SRLs to 0 registers and converted 0 registers of register chains to 0 SRLs
Phase 7 Shift Register Optimization | Checksum: 22c2ceafc

Time (s): cpu = 00:00:00 ; elapsed = 00:00:00.425 . Memory (MB): peak = 1735.316 ; gain = 0.000
Shift Register Optimization | Checksum: 22c2ceafc
INFO: [Opt 31-389] Phase Shift Register Optimization created 0 cells and removed 0 cells

Phase 8 Post Processing Netlist
Phase 8 Post Processing Netlist | Checksum: 224def00a

Time (s): cpu = 00:00:00 ; elapsed = 00:00:00.446 . Memory (MB): peak = 1735.316 ; gain = 0.000
Post Processing Netlist | Checksum: 224def00a
INFO: [Opt 31-389] Phase Post Processing Netlist created 0 cells and removed 0 cells

Phase 9 Finalization

Phase 9.1 Finalizing Design Cores and Updating Shapes
Phase 9.1 Finalizing Design Cores and Updating Shapes | Checksum: 243546fe1

Time (s): cpu = 00:00:00 ; elapsed = 00:00:00.477 . Memory (MB): peak = 1735.316 ; gain = 0.000

Phase 9.2 Verifying Netlist Connectivity

Starting Connectivity Check Task

Time (s): cpu = 00:00:00 ; elapsed = 00:00:00.016 . Memory (MB): peak = 1735.316 ; gain = 0.000
Phase 9.2 Verifying Netlist Connectivity | Checksum: 243546fe1

Time (s): cpu = 00:00:00 ; elapsed = 00:00:00.495 . Memory (MB): peak = 1735.316 ; gain = 0.000
Phase 9 Finalization | Checksum: 243546fe1

Time (s): cpu = 00:00:00 ; elapsed = 00:00:00.496 . Memory (MB): peak = 1735.316 ; gain = 0.000
Opt_design Change Summary
=========================


-------------------------------------------------------------------------------------------------------------------------
|  Phase                        |  #Cells created  |  #Cells Removed  |  #Constrained objects preventing optimizations  |
-------------------------------------------------------------------------------------------------------------------------
|  Retarget                     |               0  |               0  |                                              0  |
|  Constant propagation         |               0  |               0  |                                              0  |
|  Sweep                        |              16  |               0  |                                              0  |
|  BUFG optimization            |               0  |               0  |                                              0  |
|  Shift Register Optimization  |               0  |               0  |                                              0  |
|  Post Processing Netlist      |               0  |               0  |                                              0  |
-------------------------------------------------------------------------------------------------------------------------


Ending Logic Optimization Task | Checksum: 243546fe1

Time (s): cpu = 00:00:00 ; elapsed = 00:00:00.500 . Memory (MB): peak = 1735.316 ; gain = 0.000

Starting Power Optimization Task
INFO: [Pwropt 34-132] Skipping clock gating for clocks with a period < 2.00 ns.
Ending Power Optimization Task | Checksum: 243546fe1

Time (s): cpu = 00:00:00 ; elapsed = 00:00:00.014 . Memory (MB): peak = 1735.316 ; gain = 0.000

Starting Final Cleanup Task
Ending Final Cleanup Task | Checksum: 243546fe1

Time (s): cpu = 00:00:00 ; elapsed = 00:00:00.002 . Memory (MB): peak = 1735.316 ; gain = 0.000

Starting Netlist Obfuscation Task
Netlist sorting complete. Time (s): cpu = 00:00:00 ; elapsed = 00:00:00.001 . Memory (MB): peak = 1735.316 ; gain = 0.000
Ending Netlist Obfuscation Task | Checksum: 243546fe1

Time (s): cpu = 00:00:00 ; elapsed = 00:00:00.003 . Memory (MB): peak = 1735.316 ; gain = 0.000
INFO: [Common 17-83] Releasing license: Implementation
27 Infos, 1 Warnings, 0 Critical Warnings and 0 Errors encountered.
opt_design completed successfully
opt_design: Time (s): cpu = 00:00:16 ; elapsed = 00:00:15 . Memory (MB): peak = 1735.316 ; gain = 984.812
INFO: [Vivado 12-24828] Executing command : report_drc -file RISC_CPU_drc_opted.rpt -pb RISC_CPU_drc_opted.pb -rpx RISC_CPU_drc_opted.rpx
Command: report_drc -file RISC_CPU_drc_opted.rpt -pb RISC_CPU_drc_opted.pb -rpx RISC_CPU_drc_opted.rpx
INFO: [IP_Flow 19-234] Refreshing IP repositories
INFO: [IP_Flow 19-1704] No user IP repositories specified
INFO: [IP_Flow 19-2313] Loaded Vivado IP repository 'C:/Xilinx/Vivado/2024.2/data/ip'.
INFO: [DRC 23-27] Running DRC with 2 threads
INFO: [Vivado_Tcl 2-168] The results of DRC are in file C:/Users/jjnat/Vault 451/Quote/Projects/Digital Design Techniques and Verification/Final Project/Digital-Lock-Custom-16-bit-RISC-Soc/srcV2/srcV2.runs/impl_1/RISC_CPU_drc_opted.rpt.
report_drc completed successfully
INFO: [Timing 38-480] Writing timing data to binary archive.
Write ShapeDB Complete: Time (s): cpu = 00:00:00 ; elapsed = 00:00:00.010 . Memory (MB): peak = 1735.316 ; gain = 0.000
Wrote PlaceDB: Time (s): cpu = 00:00:00 ; elapsed = 00:00:00.005 . Memory (MB): peak = 1735.316 ; gain = 0.000
Wrote PulsedLatchDB: Time (s): cpu = 00:00:00 ; elapsed = 00:00:00 . Memory (MB): peak = 1735.316 ; gain = 0.000
Writing XDEF routing.
Writing XDEF routing logical nets.
Writing XDEF routing special nets.
Wrote RouteStorage: Time (s): cpu = 00:00:01 ; elapsed = 00:00:00.026 . Memory (MB): peak = 1735.316 ; gain = 0.000
Wrote Netlist Cache: Time (s): cpu = 00:00:00 ; elapsed = 00:00:00 . Memory (MB): peak = 1735.316 ; gain = 0.000
Wrote Device Cache: Time (s): cpu = 00:00:00 ; elapsed = 00:00:00.012 . Memory (MB): peak = 1735.316 ; gain = 0.000
Write Physdb Complete: Time (s): cpu = 00:00:01 ; elapsed = 00:00:00.053 . Memory (MB): peak = 1735.316 ; gain = 0.000
INFO: [Common 17-1381] The checkpoint 'C:/Users/jjnat/Vault 451/Quote/Projects/Digital Design Techniques and Verification/Final Project/Digital-Lock-Custom-16-bit-RISC-Soc/srcV2/srcV2.runs/impl_1/RISC_CPU_opt.dcp' has been generated.
Command: place_design
Attempting to get a license for feature 'Implementation' and/or device 'xc7a100t'
INFO: [Common 17-349] Got license for feature 'Implementation' and/or device 'xc7a100t'
INFO: [Common 17-83] Releasing license: Implementation
INFO: [DRC 23-27] Running DRC with 2 threads
INFO: [Vivado_Tcl 4-198] DRC finished with 0 Errors
INFO: [Vivado_Tcl 4-199] Please refer to the DRC report (report_drc) for more information.
Running DRC as a precondition to command place_design
INFO: [DRC 23-27] Running DRC with 2 threads
INFO: [Vivado_Tcl 4-198] DRC finished with 0 Errors
INFO: [Vivado_Tcl 4-199] Please refer to the DRC report (report_drc) for more information.
INFO: [Place 30-611] Multithreading enabled for place_design using a maximum of 2 CPUs

Starting Placer Task

Phase 1 Placer Initialization

Phase 1.1 Placer Initialization Netlist Sorting
Netlist sorting complete. Time (s): cpu = 00:00:00 ; elapsed = 00:00:00.001 . Memory (MB): peak = 1735.316 ; gain = 0.000
Phase 1.1 Placer Initialization Netlist Sorting | Checksum: 1ae31db74

Time (s): cpu = 00:00:00 ; elapsed = 00:00:00.004 . Memory (MB): peak = 1735.316 ; gain = 0.000
Netlist sorting complete. Time (s): cpu = 00:00:00 ; elapsed = 00:00:00.001 . Memory (MB): peak = 1735.316 ; gain = 0.000

Phase 1.2 IO Placement/ Clock Placement/ Build Placer Device
INFO: [Timing 38-35] Done setting XDC timing constraints.
Phase 1.2 IO Placement/ Clock Placement/ Build Placer Device | Checksum: 26933f711

Time (s): cpu = 00:00:01 ; elapsed = 00:00:00.646 . Memory (MB): peak = 1735.316 ; gain = 0.000

Phase 1.3 Build Placer Netlist Model
Phase 1.3 Build Placer Netlist Model | Checksum: 34346ac49

Time (s): cpu = 00:00:03 ; elapsed = 00:00:02 . Memory (MB): peak = 1735.316 ; gain = 0.000

Phase 1.4 Constrain Clocks/Macros
Phase 1.4 Constrain Clocks/Macros | Checksum: 34346ac49

Time (s): cpu = 00:00:03 ; elapsed = 00:00:02 . Memory (MB): peak = 1735.316 ; gain = 0.000
Phase 1 Placer Initialization | Checksum: 34346ac49

Time (s): cpu = 00:00:03 ; elapsed = 00:00:02 . Memory (MB): peak = 1735.316 ; gain = 0.000

Phase 2 Global Placement

Phase 2.1 Floorplanning
Phase 2.1 Floorplanning | Checksum: 31e7586f6

Time (s): cpu = 00:00:03 ; elapsed = 00:00:02 . Memory (MB): peak = 1735.316 ; gain = 0.000

Phase 2.2 Update Timing before SLR Path Opt
Phase 2.2 Update Timing before SLR Path Opt | Checksum: 2b214ba6a

Time (s): cpu = 00:00:04 ; elapsed = 00:00:03 . Memory (MB): peak = 1735.316 ; gain = 0.000

Phase 2.3 Post-Processing in Floorplanning
Phase 2.3 Post-Processing in Floorplanning | Checksum: 2b214ba6a

Time (s): cpu = 00:00:04 ; elapsed = 00:00:03 . Memory (MB): peak = 1735.316 ; gain = 0.000

Phase 2.4 Global Place Phase1
Phase 2.4 Global Place Phase1 | Checksum: 2f724d1af

Time (s): cpu = 00:00:09 ; elapsed = 00:00:07 . Memory (MB): peak = 1735.316 ; gain = 0.000

Phase 2.5 Global Place Phase2

Phase 2.5.1 UpdateTiming Before Physical Synthesis
Phase 2.5.1 UpdateTiming Before Physical Synthesis | Checksum: 358a05a6f

Time (s): cpu = 00:00:10 ; elapsed = 00:00:07 . Memory (MB): peak = 1735.316 ; gain = 0.000

Phase 2.5.2 Physical Synthesis In Placer
INFO: [Physopt 32-1035] Found 16 LUTNM shape to break, 78 LUT instances to create LUTNM shape
INFO: [Physopt 32-1044] Break lutnm for timing: one critical 15, two critical 1, total 16, new lutff created 0
INFO: [Physopt 32-1138] End 1 Pass. Optimized 50 nets or LUTs. Breaked 16 LUTs, combined 34 existing LUTs and moved 0 existing LUT
INFO: [Physopt 32-65] No nets found for high-fanout optimization.
INFO: [Physopt 32-232] Optimized 0 net. Created 0 new instance.
INFO: [Physopt 32-775] End 1 Pass. Optimized 0 net or cell. Created 0 new cell, deleted 0 existing cell and moved 0 existing cell
INFO: [Physopt 32-456] No candidate cells for DSP register optimization found in the design.
INFO: [Physopt 32-775] End 2 Pass. Optimized 0 net or cell. Created 0 new cell, deleted 0 existing cell and moved 0 existing cell
INFO: [Physopt 32-1123] No candidate cells found for Shift Register to Pipeline optimization
INFO: [Physopt 32-775] End 2 Pass. Optimized 0 net or cell. Created 0 new cell, deleted 0 existing cell and moved 0 existing cell
INFO: [Physopt 32-1401] No candidate cells found for Shift Register optimization.
INFO: [Physopt 32-677] No candidate cells for Shift Register optimization found in the design
INFO: [Physopt 32-775] End 1 Pass. Optimized 0 net or cell. Created 0 new cell, deleted 0 existing cell and moved 0 existing cell
INFO: [Physopt 32-526] No candidate cells for BRAM register optimization found in the design
INFO: [Physopt 32-775] End 1 Pass. Optimized 0 net or cell. Created 0 new cell, deleted 0 existing cell and moved 0 existing cell
INFO: [Physopt 32-846] No candidate cells for URAM register optimization found in the design
INFO: [Physopt 32-775] End 1 Pass. Optimized 0 net or cell. Created 0 new cell, deleted 0 existing cell and moved 0 existing cell
INFO: [Physopt 32-846] No candidate cells for URAM register optimization found in the design
INFO: [Physopt 32-775] End 1 Pass. Optimized 0 net or cell. Created 0 new cell, deleted 0 existing cell and moved 0 existing cell
INFO: [Physopt 32-949] No candidate nets found for dynamic/static region interface net replication
INFO: [Physopt 32-775] End 1 Pass. Optimized 0 net or cell. Created 0 new cell, deleted 0 existing cell and moved 0 existing cell
Netlist sorting complete. Time (s): cpu = 00:00:00 ; elapsed = 00:00:00.001 . Memory (MB): peak = 1735.316 ; gain = 0.000

Summary of Physical Synthesis Optimizations
============================================


-----------------------------------------------------------------------------------------------------------------------------------------------------------
|  Optimization                                     |  Added Cells  |  Removed Cells  |  Optimized Cells/Nets  |  Dont Touch  |  Iterations  |  Elapsed   |
-----------------------------------------------------------------------------------------------------------------------------------------------------------
|  LUT Combining                                    |           16  |             34  |                    50  |           0  |           1  |  00:00:00  |
|  Retime                                           |            0  |              0  |                     0  |           0  |           1  |  00:00:00  |
|  Very High Fanout                                 |            0  |              0  |                     0  |           0  |           1  |  00:00:00  |
|  DSP Register                                     |            0  |              0  |                     0  |           0  |           1  |  00:00:00  |
|  Shift Register to Pipeline                       |            0  |              0  |                     0  |           0  |           1  |  00:00:00  |
|  Shift Register                                   |            0  |              0  |                     0  |           0  |           1  |  00:00:00  |
|  BRAM Register                                    |            0  |              0  |                     0  |           0  |           1  |  00:00:00  |
|  URAM Register                                    |            0  |              0  |                     0  |           0  |           1  |  00:00:00  |
|  Dynamic/Static Region Interface Net Replication  |            0  |              0  |                     0  |           0  |           1  |  00:00:00  |
|  Total                                            |           16  |             34  |                    50  |           0  |           9  |  00:00:00  |
-----------------------------------------------------------------------------------------------------------------------------------------------------------


Phase 2.5.2 Physical Synthesis In Placer | Checksum: 1c5954d28

Time (s): cpu = 00:00:11 ; elapsed = 00:00:08 . Memory (MB): peak = 1735.316 ; gain = 0.000
Phase 2.5 Global Place Phase2 | Checksum: 1f380bea5

Time (s): cpu = 00:00:12 ; elapsed = 00:00:08 . Memory (MB): peak = 1735.316 ; gain = 0.000
Phase 2 Global Placement | Checksum: 1f380bea5

Time (s): cpu = 00:00:12 ; elapsed = 00:00:08 . Memory (MB): peak = 1735.316 ; gain = 0.000

Phase 3 Detail Placement

Phase 3.1 Commit Multi Column Macros
Phase 3.1 Commit Multi Column Macros | Checksum: 18b36a27f

Time (s): cpu = 00:00:13 ; elapsed = 00:00:09 . Memory (MB): peak = 1735.316 ; gain = 0.000

Phase 3.2 Commit Most Macros & LUTRAMs
Phase 3.2 Commit Most Macros & LUTRAMs | Checksum: 1f3eef810

Time (s): cpu = 00:00:14 ; elapsed = 00:00:10 . Memory (MB): peak = 1735.316 ; gain = 0.000

Phase 3.3 Area Swap Optimization
Phase 3.3 Area Swap Optimization | Checksum: 1e506f5f7

Time (s): cpu = 00:00:14 ; elapsed = 00:00:10 . Memory (MB): peak = 1735.316 ; gain = 0.000

Phase 3.4 Pipeline Register Optimization
Phase 3.4 Pipeline Register Optimization | Checksum: 179a0914e

Time (s): cpu = 00:00:14 ; elapsed = 00:00:10 . Memory (MB): peak = 1735.316 ; gain = 0.000

Phase 3.5 Fast Optimization
Phase 3.5 Fast Optimization | Checksum: 162ec196e

Time (s): cpu = 00:00:17 ; elapsed = 00:00:13 . Memory (MB): peak = 1735.316 ; gain = 0.000

Phase 3.6 Small Shape Detail Placement
Phase 3.6 Small Shape Detail Placement | Checksum: f9e72e56

Time (s): cpu = 00:00:21 ; elapsed = 00:00:18 . Memory (MB): peak = 1735.316 ; gain = 0.000

Phase 3.7 Re-assign LUT pins
Phase 3.7 Re-assign LUT pins | Checksum: 1354b00ec

Time (s): cpu = 00:00:21 ; elapsed = 00:00:18 . Memory (MB): peak = 1735.316 ; gain = 0.000

Phase 3.8 Pipeline Register Optimization
Phase 3.8 Pipeline Register Optimization | Checksum: 1cac47625

Time (s): cpu = 00:00:21 ; elapsed = 00:00:18 . Memory (MB): peak = 1735.316 ; gain = 0.000

Phase 3.9 Fast Optimization
Phase 3.9 Fast Optimization | Checksum: 1a61f1548

Time (s): cpu = 00:00:27 ; elapsed = 00:00:24 . Memory (MB): peak = 1735.316 ; gain = 0.000
Phase 3 Detail Placement | Checksum: 1a61f1548

Time (s): cpu = 00:00:27 ; elapsed = 00:00:24 . Memory (MB): peak = 1735.316 ; gain = 0.000

Phase 4 Post Placement Optimization and Clean-Up

Phase 4.1 Post Commit Optimization
INFO: [Timing 38-35] Done setting XDC timing constraints.

Phase 4.1.1 Post Placement Optimization
Post Placement Optimization Initialization | Checksum: 1b5c702ba

Phase 4.1.1.1 BUFG Insertion

Starting Physical Synthesis Task

Phase 1 Physical Synthesis Initialization
INFO: [Physopt 32-721] Multithreading enabled for phys_opt_design using a maximum of 2 CPUs
INFO: [Physopt 32-619] Estimated Timing Summary | WNS=-0.970 | TNS=-3.738 |
Phase 1 Physical Synthesis Initialization | Checksum: 1262d940e

Time (s): cpu = 00:00:00 ; elapsed = 00:00:00.231 . Memory (MB): peak = 1740.934 ; gain = 0.000
INFO: [Place 46-33] Processed net u_cpu/u_data_ram/SR[0], BUFG insertion was skipped due to placement/routing conflicts.
INFO: [Place 46-56] BUFG insertion identified 1 candidate nets. Inserted BUFG: 0, Replicated BUFG Driver: 0, Skipped due to Placement/Routing Conflicts: 1, Skipped due to Timing Degradation: 0, Skipped due to netlist editing failed: 0.
Ending Physical Synthesis Task | Checksum: 23620a133

Time (s): cpu = 00:00:01 ; elapsed = 00:00:00.513 . Memory (MB): peak = 1740.934 ; gain = 0.000
Phase 4.1.1.1 BUFG Insertion | Checksum: 1b5c702ba

Time (s): cpu = 00:00:30 ; elapsed = 00:00:26 . Memory (MB): peak = 1740.934 ; gain = 5.617

Phase 4.1.1.2 Post Placement Timing Optimization
INFO: [Place 30-746] Post Placement Timing Summary WNS=0.075. For the most accurate timing information please run report_timing.
Phase 4.1.1.2 Post Placement Timing Optimization | Checksum: 24cecb082

Time (s): cpu = 00:00:46 ; elapsed = 00:00:42 . Memory (MB): peak = 1740.934 ; gain = 5.617

Time (s): cpu = 00:00:46 ; elapsed = 00:00:42 . Memory (MB): peak = 1740.934 ; gain = 5.617
Phase 4.1 Post Commit Optimization | Checksum: 24cecb082

Time (s): cpu = 00:00:46 ; elapsed = 00:00:42 . Memory (MB): peak = 1740.934 ; gain = 5.617

Phase 4.2 Post Placement Cleanup
Phase 4.2 Post Placement Cleanup | Checksum: 24cecb082

Time (s): cpu = 00:00:46 ; elapsed = 00:00:42 . Memory (MB): peak = 1740.934 ; gain = 5.617

Phase 4.3 Placer Reporting

Phase 4.3.1 Print Estimated Congestion
INFO: [Place 30-612] Post-Placement Estimated Congestion 
 ____________________________________________________
|           | Global Congestion | Short Congestion  |
| Direction | Region Size       | Region Size       |
|___________|___________________|___________________|
|      North|                1x1|                4x4|
|___________|___________________|___________________|
|      South|                1x1|                4x4|
|___________|___________________|___________________|
|       East|                2x2|                2x2|
|___________|___________________|___________________|
|       West|                4x4|                8x8|
|___________|___________________|___________________|

Phase 4.3.1 Print Estimated Congestion | Checksum: 24cecb082

Time (s): cpu = 00:00:46 ; elapsed = 00:00:42 . Memory (MB): peak = 1740.934 ; gain = 5.617
Phase 4.3 Placer Reporting | Checksum: 24cecb082

Time (s): cpu = 00:00:46 ; elapsed = 00:00:42 . Memory (MB): peak = 1740.934 ; gain = 5.617

Phase 4.4 Final Placement Cleanup
Netlist sorting complete. Time (s): cpu = 00:00:00 ; elapsed = 00:00:00.011 . Memory (MB): peak = 1740.934 ; gain = 0.000

Time (s): cpu = 00:00:46 ; elapsed = 00:00:42 . Memory (MB): peak = 1740.934 ; gain = 5.617
Phase 4 Post Placement Optimization and Clean-Up | Checksum: 2745b9446

Time (s): cpu = 00:00:47 ; elapsed = 00:00:42 . Memory (MB): peak = 1740.934 ; gain = 5.617
Ending Placer Task | Checksum: 2176f10da

Time (s): cpu = 00:00:47 ; elapsed = 00:00:42 . Memory (MB): peak = 1740.934 ; gain = 5.617
73 Infos, 1 Warnings, 0 Critical Warnings and 0 Errors encountered.
place_design completed successfully
place_design: Time (s): cpu = 00:00:50 ; elapsed = 00:00:44 . Memory (MB): peak = 1740.934 ; gain = 5.617
INFO: [Vivado 12-24838] Running report commands "report_control_sets, report_io, report_utilization" in parallel.
Running report generation with 2 threads.
INFO: [Vivado 12-24828] Executing command : report_utilization -file RISC_CPU_utilization_placed.rpt -pb RISC_CPU_utilization_placed.pb
INFO: [Vivado 12-24828] Executing command : report_io -file RISC_CPU_io_placed.rpt
report_io: Time (s): cpu = 00:00:00 ; elapsed = 00:00:00.102 . Memory (MB): peak = 1740.934 ; gain = 0.000
INFO: [Vivado 12-24828] Executing command : report_control_sets -verbose -file RISC_CPU_control_sets_placed.rpt
report_control_sets: Time (s): cpu = 00:00:00 ; elapsed = 00:00:00.027 . Memory (MB): peak = 1740.934 ; gain = 0.000
INFO: [Timing 38-480] Writing timing data to binary archive.
Write ShapeDB Complete: Time (s): cpu = 00:00:00 ; elapsed = 00:00:00.016 . Memory (MB): peak = 1741.117 ; gain = 0.008
Wrote PlaceDB: Time (s): cpu = 00:00:01 ; elapsed = 00:00:00.500 . Memory (MB): peak = 1743.047 ; gain = 1.930
Wrote PulsedLatchDB: Time (s): cpu = 00:00:00 ; elapsed = 00:00:00 . Memory (MB): peak = 1743.047 ; gain = 0.000
Writing XDEF routing.
Writing XDEF routing logical nets.
Writing XDEF routing special nets.
Wrote RouteStorage: Time (s): cpu = 00:00:00 ; elapsed = 00:00:00.028 . Memory (MB): peak = 1743.047 ; gain = 0.000
Wrote Netlist Cache: Time (s): cpu = 00:00:00 ; elapsed = 00:00:00.014 . Memory (MB): peak = 1743.047 ; gain = 0.000
Wrote Device Cache: Time (s): cpu = 00:00:00 ; elapsed = 00:00:00.012 . Memory (MB): peak = 1743.047 ; gain = 0.000
Write Physdb Complete: Time (s): cpu = 00:00:01 ; elapsed = 00:00:00.565 . Memory (MB): peak = 1743.047 ; gain = 1.930
INFO: [Common 17-1381] The checkpoint 'C:/Users/jjnat/Vault 451/Quote/Projects/Digital Design Techniques and Verification/Final Project/Digital-Lock-Custom-16-bit-RISC-Soc/srcV2/srcV2.runs/impl_1/RISC_CPU_placed.dcp' has been generated.
Command: phys_opt_design
Attempting to get a license for feature 'Implementation' and/or device 'xc7a100t'
INFO: [Common 17-349] Got license for feature 'Implementation' and/or device 'xc7a100t'

Starting Initial Update Timing Task

Time (s): cpu = 00:00:01 ; elapsed = 00:00:00.903 . Memory (MB): peak = 1755.551 ; gain = 12.504
INFO: [Vivado_Tcl 4-2279] Estimated Timing Summary | WNS= 0.075 | TNS= 0.000 | 
INFO: [Vivado_Tcl 4-383] Design worst setup slack (WNS) is greater than or equal to 0.000 ns. All physical synthesis setup optimizations will be skipped.
INFO: [Vivado_Tcl 4-232] No setup violation found. The netlist was not modified.
INFO: [Common 17-83] Releasing license: Implementation
84 Infos, 1 Warnings, 0 Critical Warnings and 0 Errors encountered.
phys_opt_design completed successfully
INFO: [Timing 38-480] Writing timing data to binary archive.
Write ShapeDB Complete: Time (s): cpu = 00:00:00 ; elapsed = 00:00:00.015 . Memory (MB): peak = 1773.438 ; gain = 0.008
Wrote PlaceDB: Time (s): cpu = 00:00:01 ; elapsed = 00:00:00.511 . Memory (MB): peak = 1775.395 ; gain = 1.957
Wrote PulsedLatchDB: Time (s): cpu = 00:00:00 ; elapsed = 00:00:00 . Memory (MB): peak = 1775.395 ; gain = 0.000
Writing XDEF routing.
Writing XDEF routing logical nets.
Writing XDEF routing special nets.
Wrote RouteStorage: Time (s): cpu = 00:00:00 ; elapsed = 00:00:00.025 . Memory (MB): peak = 1775.395 ; gain = 0.000
Wrote Netlist Cache: Time (s): cpu = 00:00:00 ; elapsed = 00:00:00.014 . Memory (MB): peak = 1775.395 ; gain = 0.000
Wrote Device Cache: Time (s): cpu = 00:00:00 ; elapsed = 00:00:00.007 . Memory (MB): peak = 1775.395 ; gain = 0.000
Write Physdb Complete: Time (s): cpu = 00:00:01 ; elapsed = 00:00:00.581 . Memory (MB): peak = 1775.395 ; gain = 1.957
INFO: [Common 17-1381] The checkpoint 'C:/Users/jjnat/Vault 451/Quote/Projects/Digital Design Techniques and Verification/Final Project/Digital-Lock-Custom-16-bit-RISC-Soc/srcV2/srcV2.runs/impl_1/RISC_CPU_physopt.dcp' has been generated.
Command: route_design
Attempting to get a license for feature 'Implementation' and/or device 'xc7a100t'
INFO: [Common 17-349] Got license for feature 'Implementation' and/or device 'xc7a100t'


Starting Routing Task
INFO: [Route 35-254] Multithreading enabled for route_design using a maximum of 2 CPUs

Phase 1 Build RT Design
Checksum: PlaceDB: c1ebc3d3 ConstDB: 0 ShapeSum: a3b0ed71 RouteDB: b1d25f96
Post Restoration Checksum: NetGraph: 81e4ff38 | NumContArr: 5fee8227 | Constraints: c2a8fa9d | Timing: c2a8fa9d
Phase 1 Build RT Design | Checksum: 267257699

Time (s): cpu = 00:00:42 ; elapsed = 00:00:37 . Memory (MB): peak = 1902.555 ; gain = 127.160

Phase 2 Router Initialization

Phase 2.1 Fix Topology Constraints
Phase 2.1 Fix Topology Constraints | Checksum: 267257699

Time (s): cpu = 00:00:42 ; elapsed = 00:00:37 . Memory (MB): peak = 1902.555 ; gain = 127.160

Phase 2.2 Pre Route Cleanup
Phase 2.2 Pre Route Cleanup | Checksum: 267257699

Time (s): cpu = 00:00:42 ; elapsed = 00:00:37 . Memory (MB): peak = 1902.555 ; gain = 127.160
 Number of Nodes with overlaps = 0

Phase 2.3 Update Timing
Phase 2.3 Update Timing | Checksum: 210b3a415

Time (s): cpu = 00:00:45 ; elapsed = 00:00:39 . Memory (MB): peak = 1942.391 ; gain = 166.996
INFO: [Route 35-416] Intermediate Timing Summary | WNS=0.345  | TNS=0.000  | WHS=-0.079 | THS=-0.953 |


Router Utilization Summary
  Global Vertical Routing Utilization    = 0 %
  Global Horizontal Routing Utilization  = 0 %
  Routable Net Status*
  *Does not include unroutable nets such as driverless and loadless.
  Run report_route_status for detailed report.
  Number of Failed Nets               = 5816
    (Failed Nets is the sum of unrouted and partially routed nets)
  Number of Unrouted Nets             = 5816
  Number of Partially Routed Nets     = 0
  Number of Node Overlaps             = 0

Phase 2 Router Initialization | Checksum: 1f139ef26

Time (s): cpu = 00:00:47 ; elapsed = 00:00:40 . Memory (MB): peak = 1942.391 ; gain = 166.996

Phase 3 Global Routing
Phase 3 Global Routing | Checksum: 1f139ef26

Time (s): cpu = 00:00:47 ; elapsed = 00:00:40 . Memory (MB): peak = 1942.391 ; gain = 166.996

Phase 4 Initial Routing

Phase 4.1 Initial Net Routing Pass
Phase 4.1 Initial Net Routing Pass | Checksum: 2174b1358

Time (s): cpu = 00:00:51 ; elapsed = 00:00:43 . Memory (MB): peak = 1942.391 ; gain = 166.996
Phase 4 Initial Routing | Checksum: 2174b1358

Time (s): cpu = 00:00:51 ; elapsed = 00:00:43 . Memory (MB): peak = 1942.391 ; gain = 166.996
INFO: [Route 35-580] Design has 1 pins with tight setup and hold constraints.

The top 5 pins with tight setup and hold constraints:

+====================+===================+====================+
| Launch Setup Clock | Launch Hold Clock | Pin                |
+====================+===================+====================+
| sys_clk_pin        | sys_clk_pin       | u_cpu/z_flag_reg/D |
+--------------------+-------------------+--------------------+

File with complete list of pins: tight_setup_hold_pins.txt


Phase 5 Rip-up And Reroute

Phase 5.1 Global Iteration 0
 Number of Nodes with overlaps = 2414
 Number of Nodes with overlaps = 1015
 Number of Nodes with overlaps = 560
 Number of Nodes with overlaps = 361
 Number of Nodes with overlaps = 187
 Number of Nodes with overlaps = 128
 Number of Nodes with overlaps = 89
 Number of Nodes with overlaps = 53
 Number of Nodes with overlaps = 31
 Number of Nodes with overlaps = 23
 Number of Nodes with overlaps = 18
 Number of Nodes with overlaps = 9
 Number of Nodes with overlaps = 6
 Number of Nodes with overlaps = 10
 Number of Nodes with overlaps = 6
 Number of Nodes with overlaps = 2
 Number of Nodes with overlaps = 2
 Number of Nodes with overlaps = 0
INFO: [Route 35-416] Intermediate Timing Summary | WNS=-1.326 | TNS=-11.613| WHS=N/A    | THS=N/A    |

Phase 5.1 Global Iteration 0 | Checksum: 3168a54c0

Time (s): cpu = 00:02:04 ; elapsed = 00:01:27 . Memory (MB): peak = 1981.469 ; gain = 206.074

Phase 5.2 Global Iteration 1
 Number of Nodes with overlaps = 287
 Number of Nodes with overlaps = 318
 Number of Nodes with overlaps = 174
 Number of Nodes with overlaps = 125
 Number of Nodes with overlaps = 109
 Number of Nodes with overlaps = 60
 Number of Nodes with overlaps = 60
 Number of Nodes with overlaps = 16
 Number of Nodes with overlaps = 12
 Number of Nodes with overlaps = 14
 Number of Nodes with overlaps = 4
 Number of Nodes with overlaps = 4
 Number of Nodes with overlaps = 7
 Number of Nodes with overlaps = 6
 Number of Nodes with overlaps = 4
 Number of Nodes with overlaps = 21
 Number of Nodes with overlaps = 17
 Number of Nodes with overlaps = 16
 Number of Nodes with overlaps = 3
 Number of Nodes with overlaps = 3
 Number of Nodes with overlaps = 3
 Number of Nodes with overlaps = 1
 Number of Nodes with overlaps = 3
 Number of Nodes with overlaps = 0
INFO: [Route 35-416] Intermediate Timing Summary | WNS=-0.799 | TNS=-5.251 | WHS=N/A    | THS=N/A    |

Phase 5.2 Global Iteration 1 | Checksum: 2b12d89d8

Time (s): cpu = 00:02:45 ; elapsed = 00:01:58 . Memory (MB): peak = 1981.469 ; gain = 206.074

Phase 5.3 Global Iteration 2
 Number of Nodes with overlaps = 568
 Number of Nodes with overlaps = 285
 Number of Nodes with overlaps = 162
 Number of Nodes with overlaps = 117
 Number of Nodes with overlaps = 71
 Number of Nodes with overlaps = 58
 Number of Nodes with overlaps = 57
 Number of Nodes with overlaps = 58
 Number of Nodes with overlaps = 36
 Number of Nodes with overlaps = 18
 Number of Nodes with overlaps = 31
 Number of Nodes with overlaps = 11
 Number of Nodes with overlaps = 7
 Number of Nodes with overlaps = 4
 Number of Nodes with overlaps = 2
 Number of Nodes with overlaps = 1
 Number of Nodes with overlaps = 0
INFO: [Route 35-416] Intermediate Timing Summary | WNS=-0.788 | TNS=-8.071 | WHS=N/A    | THS=N/A    |

Phase 5.3 Global Iteration 2 | Checksum: 2e927e204

Time (s): cpu = 00:03:24 ; elapsed = 00:02:25 . Memory (MB): peak = 1981.469 ; gain = 206.074
Phase 5 Rip-up And Reroute | Checksum: 2e927e204

Time (s): cpu = 00:03:24 ; elapsed = 00:02:25 . Memory (MB): peak = 1981.469 ; gain = 206.074

Phase 6 Delay and Skew Optimization

Phase 6.1 Delay CleanUp

Phase 6.1.1 Update Timing
Phase 6.1.1 Update Timing | Checksum: 21bc20484

Time (s): cpu = 00:03:25 ; elapsed = 00:02:26 . Memory (MB): peak = 1981.469 ; gain = 206.074
INFO: [Route 35-416] Intermediate Timing Summary | WNS=-0.788 | TNS=-6.557 | WHS=N/A    | THS=N/A    |

 Number of Nodes with overlaps = 0
Phase 6.1 Delay CleanUp | Checksum: 25a6c65b1

Time (s): cpu = 00:03:25 ; elapsed = 00:02:26 . Memory (MB): peak = 1981.469 ; gain = 206.074

Phase 6.2 Clock Skew Optimization
Phase 6.2 Clock Skew Optimization | Checksum: 25a6c65b1

Time (s): cpu = 00:03:25 ; elapsed = 00:02:26 . Memory (MB): peak = 1981.469 ; gain = 206.074
Phase 6 Delay and Skew Optimization | Checksum: 25a6c65b1

Time (s): cpu = 00:03:25 ; elapsed = 00:02:26 . Memory (MB): peak = 1981.469 ; gain = 206.074

Phase 7 Post Hold Fix

Phase 7.1 Hold Fix Iter
INFO: [Route 35-416] Intermediate Timing Summary | WNS=-0.788 | TNS=-6.332 | WHS=0.163  | THS=0.000  |

Phase 7.1 Hold Fix Iter | Checksum: 1d5fce34c

Time (s): cpu = 00:03:26 ; elapsed = 00:02:26 . Memory (MB): peak = 1981.469 ; gain = 206.074
Phase 7 Post Hold Fix | Checksum: 1d5fce34c

Time (s): cpu = 00:03:26 ; elapsed = 00:02:26 . Memory (MB): peak = 1981.469 ; gain = 206.074

Phase 8 Route finalize

Router Utilization Summary
  Global Vertical Routing Utilization    = 2.19315 %
  Global Horizontal Routing Utilization  = 2.80456 %
  Routable Net Status*
  *Does not include unroutable nets such as driverless and loadless.
  Run report_route_status for detailed report.
  Number of Failed Nets               = 0
    (Failed Nets is the sum of unrouted and partially routed nets)
  Number of Unrouted Nets             = 0
  Number of Partially Routed Nets     = 0
  Number of Node Overlaps             = 0


--GLOBAL Congestion:
Utilization threshold used for congestion level computation: 0.85
Congestion Report
North Dir 1x1 Area, Max Cong = 90.991%, Congestion bounded by tiles (Lower Left Tile -> Upper Right Tile):
   INT_R_X25Y107 -> INT_R_X25Y107
   INT_R_X29Y106 -> INT_R_X29Y106
South Dir 1x1 Area, Max Cong = 75.6757%, No Congested Regions.
East Dir 1x1 Area, Max Cong = 95.5882%, Congestion bounded by tiles (Lower Left Tile -> Upper Right Tile):
   INT_L_X28Y104 -> INT_L_X28Y104
   INT_R_X23Y103 -> INT_R_X23Y103
   INT_L_X28Y103 -> INT_L_X28Y103
   INT_R_X29Y103 -> INT_R_X29Y103
   INT_R_X23Y97 -> INT_R_X23Y97
West Dir 1x1 Area, Max Cong = 97.0588%, Congestion bounded by tiles (Lower Left Tile -> Upper Right Tile):
   INT_R_X31Y103 -> INT_R_X31Y103
   INT_L_X40Y103 -> INT_L_X40Y103
   INT_L_X30Y101 -> INT_L_X30Y101
   INT_L_X30Y97 -> INT_L_X30Y97
   INT_L_X38Y97 -> INT_L_X38Y97

------------------------------
Reporting congestion hotspots
------------------------------
Direction: North
----------------
Congested clusters found at Level 0
Effective congestion level: 0 Aspect Ratio: 1 Sparse Ratio: 1
Direction: South
----------------
Congested clusters found at Level 0
Effective congestion level: 0 Aspect Ratio: 1 Sparse Ratio: 0
Direction: East
----------------
Congested clusters found at Level 0
Effective congestion level: 1 Aspect Ratio: 1 Sparse Ratio: 0.75
Direction: West
----------------
Congested clusters found at Level 0
Effective congestion level: 1 Aspect Ratio: 0.333333 Sparse Ratio: 0.75

Phase 8 Route finalize | Checksum: 1d5fce34c

Time (s): cpu = 00:03:26 ; elapsed = 00:02:26 . Memory (MB): peak = 1981.469 ; gain = 206.074

Phase 9 Verifying routed nets

 Verification completed successfully
Phase 9 Verifying routed nets | Checksum: 1d5fce34c

Time (s): cpu = 00:03:26 ; elapsed = 00:02:26 . Memory (MB): peak = 1981.469 ; gain = 206.074

Phase 10 Depositing Routes
Phase 10 Depositing Routes | Checksum: 256da2df0

Time (s): cpu = 00:03:27 ; elapsed = 00:02:27 . Memory (MB): peak = 1981.469 ; gain = 206.074

Phase 11 Post Process Routing
Phase 11 Post Process Routing | Checksum: 256da2df0

Time (s): cpu = 00:03:27 ; elapsed = 00:02:27 . Memory (MB): peak = 1981.469 ; gain = 206.074

Phase 12 Post Router Timing
INFO: [Route 35-57] Estimated Timing Summary | WNS=-0.788 | TNS=-6.332 | WHS=0.163  | THS=0.000  |

WARNING: [Route 35-328] Router estimated timing not met.
Resolution: For a complete and accurate timing signoff, report_timing_summary must be run after route_design. Alternatively, route_design can be run with the -timing_summary option to enable a complete timing signoff at the end of route_design.
Phase 12 Post Router Timing | Checksum: 256da2df0

Time (s): cpu = 00:03:27 ; elapsed = 00:02:27 . Memory (MB): peak = 1981.469 ; gain = 206.074
Total Elapsed time in route_design: 146.867 secs

Phase 13 Post-Route Event Processing
Phase 13 Post-Route Event Processing | Checksum: 198085abb

Time (s): cpu = 00:03:27 ; elapsed = 00:02:27 . Memory (MB): peak = 1981.469 ; gain = 206.074
INFO: [Route 35-16] Router Completed Successfully
Ending Routing Task | Checksum: 198085abb

Time (s): cpu = 00:03:27 ; elapsed = 00:02:27 . Memory (MB): peak = 1981.469 ; gain = 206.074

Routing Is Done.
INFO: [Common 17-83] Releasing license: Implementation
98 Infos, 2 Warnings, 0 Critical Warnings and 0 Errors encountered.
route_design completed successfully
route_design: Time (s): cpu = 00:03:27 ; elapsed = 00:02:27 . Memory (MB): peak = 1981.469 ; gain = 206.074
INFO: [Vivado 12-24828] Executing command : report_drc -file RISC_CPU_drc_routed.rpt -pb RISC_CPU_drc_routed.pb -rpx RISC_CPU_drc_routed.rpx
Command: report_drc -file RISC_CPU_drc_routed.rpt -pb RISC_CPU_drc_routed.pb -rpx RISC_CPU_drc_routed.rpx
INFO: [IP_Flow 19-1839] IP Catalog is up to date.
INFO: [DRC 23-27] Running DRC with 2 threads
INFO: [Vivado_Tcl 2-168] The results of DRC are in file C:/Users/jjnat/Vault 451/Quote/Projects/Digital Design Techniques and Verification/Final Project/Digital-Lock-Custom-16-bit-RISC-Soc/srcV2/srcV2.runs/impl_1/RISC_CPU_drc_routed.rpt.
report_drc completed successfully
INFO: [Vivado 12-24828] Executing command : report_methodology -file RISC_CPU_methodology_drc_routed.rpt -pb RISC_CPU_methodology_drc_routed.pb -rpx RISC_CPU_methodology_drc_routed.rpx
Command: report_methodology -file RISC_CPU_methodology_drc_routed.rpt -pb RISC_CPU_methodology_drc_routed.pb -rpx RISC_CPU_methodology_drc_routed.rpx
INFO: [Timing 38-35] Done setting XDC timing constraints.
INFO: [DRC 23-133] Running Methodology with 2 threads
INFO: [Vivado_Tcl 2-1520] The results of Report Methodology are in file C:/Users/jjnat/Vault 451/Quote/Projects/Digital Design Techniques and Verification/Final Project/Digital-Lock-Custom-16-bit-RISC-Soc/srcV2/srcV2.runs/impl_1/RISC_CPU_methodology_drc_routed.rpt.
report_methodology completed successfully
report_drc: Time (s): cpu = 00:00:10 ; elapsed = 00:00:05 . Memory (MB): peak = 1993.660 ; gain = 12.191
INFO: [Vivado 12-24828] Executing command : report_timing_summary -max_paths 10 -report_unconstrained -file RISC_CPU_timing_summary_routed.rpt -pb RISC_CPU_timing_summary_routed.pb -rpx RISC_CPU_timing_summary_routed.rpx -warn_on_violation 
INFO: [Timing 38-35] Done setting XDC timing constraints.
INFO: [Timing 38-91] UpdateTimingParams: Speed grade: -1, Delay Type: min_max.
INFO: [Timing 38-191] Multithreading enabled for timing update using a maximum of 2 CPUs
CRITICAL WARNING: [Timing 38-282] The design failed to meet the timing requirements. Please see the timing summary report for details on the timing violations.
INFO: [Vivado 12-24838] Running report commands "report_incremental_reuse, report_route_status" in parallel.
Running report generation with 2 threads.
INFO: [Vivado 12-24828] Executing command : report_incremental_reuse -file RISC_CPU_incremental_reuse_routed.rpt
INFO: [Vivado_Tcl 4-1062] Incremental flow is disabled. No incremental reuse Info to report.
INFO: [Vivado 12-24828] Executing command : report_route_status -file RISC_CPU_route_status.rpt -pb RISC_CPU_route_status.pb
INFO: [Vivado 12-24828] Executing command : report_power -file RISC_CPU_power_routed.rpt -pb RISC_CPU_power_summary_routed.pb -rpx RISC_CPU_power_routed.rpx
Command: report_power -file RISC_CPU_power_routed.rpt -pb RISC_CPU_power_summary_routed.pb -rpx RISC_CPU_power_routed.rpx
Running Vector-less Activity Propagation...

Finished Running Vector-less Activity Propagation
115 Infos, 2 Warnings, 1 Critical Warnings and 0 Errors encountered.
report_power completed successfully
INFO: [Vivado 12-24828] Executing command : report_clock_utilization -file RISC_CPU_clock_utilization_routed.rpt
INFO: [Vivado 12-24828] Executing command : report_bus_skew -warn_on_violation -file RISC_CPU_bus_skew_routed.rpt -pb RISC_CPU_bus_skew_routed.pb -rpx RISC_CPU_bus_skew_routed.rpx
INFO: [Timing 38-91] UpdateTimingParams: Speed grade: -1, Delay Type: min_max.
INFO: [Timing 38-191] Multithreading enabled for timing update using a maximum of 2 CPUs
generate_parallel_reports: Time (s): cpu = 00:00:23 ; elapsed = 00:00:13 . Memory (MB): peak = 2002.566 ; gain = 21.098
INFO: [Timing 38-480] Writing timing data to binary archive.
Write ShapeDB Complete: Time (s): cpu = 00:00:00 ; elapsed = 00:00:00.019 . Memory (MB): peak = 2004.426 ; gain = 1.078
Wrote PlaceDB: Time (s): cpu = 00:00:01 ; elapsed = 00:00:00.553 . Memory (MB): peak = 2007.246 ; gain = 3.898
Wrote PulsedLatchDB: Time (s): cpu = 00:00:00 ; elapsed = 00:00:00 . Memory (MB): peak = 2007.246 ; gain = 0.000
Writing XDEF routing.
Writing XDEF routing logical nets.
Writing XDEF routing special nets.
Wrote RouteStorage: Time (s): cpu = 00:00:00 ; elapsed = 00:00:00.105 . Memory (MB): peak = 2007.246 ; gain = 0.000
Wrote Netlist Cache: Time (s): cpu = 00:00:00 ; elapsed = 00:00:00.021 . Memory (MB): peak = 2007.246 ; gain = 0.000
Wrote Device Cache: Time (s): cpu = 00:00:00 ; elapsed = 00:00:00.011 . Memory (MB): peak = 2007.246 ; gain = 0.000
Write Physdb Complete: Time (s): cpu = 00:00:01 ; elapsed = 00:00:00.720 . Memory (MB): peak = 2007.246 ; gain = 3.898
INFO: [Common 17-1381] The checkpoint 'C:/Users/jjnat/Vault 451/Quote/Projects/Digital Design Techniques and Verification/Final Project/Digital-Lock-Custom-16-bit-RISC-Soc/srcV2/srcV2.runs/impl_1/RISC_CPU_routed.dcp' has been generated.
Command: write_bitstream -force RISC_CPU.bit
Attempting to get a license for feature 'Implementation' and/or device 'xc7a100t'
INFO: [Common 17-349] Got license for feature 'Implementation' and/or device 'xc7a100t'
Running DRC as a precondition to command write_bitstream
INFO: [IP_Flow 19-1839] IP Catalog is up to date.
INFO: [DRC 23-27] Running DRC with 2 threads
INFO: [Vivado 12-3199] DRC finished with 0 Errors
INFO: [Vivado 12-3200] Please refer to the DRC report (report_drc) for more information.
INFO: [Designutils 20-2272] Running write_bitstream with 2 threads.
Loading data files...
Loading site data...
Loading route data...
Processing options...
Creating bitmap...
Creating bitstream...
Writing bitstream ./RISC_CPU.bit...
INFO: [Vivado 12-1842] Bitgen Completed Successfully.
INFO: [Project 1-1876] WebTalk data collection is mandatory when using a ULT device. To see the specific WebTalk data collected for your design, open the usage_statistics_webtalk.html or usage_statistics_webtalk.xml file in the implementation directory.
INFO: [Common 17-83] Releasing license: Implementation
130 Infos, 2 Warnings, 1 Critical Warnings and 0 Errors encountered.
write_bitstream completed successfully
write_bitstream: Time (s): cpu = 00:00:24 ; elapsed = 00:00:18 . Memory (MB): peak = 2507.672 ; gain = 500.426
INFO: [Common 17-206] Exiting Vivado at Mon May  4 15:06:52 2026...
