#-----------------------------------------------------------
# Vivado v2024.2 (64-bit)
# SW Build 5239630 on Fri Nov 08 22:35:27 MST 2024
# IP Build 5239520 on Sun Nov 10 16:12:51 MST 2024
# SharedData Build 5239561 on Fri Nov 08 14:39:27 MST 2024
# Start of session at: Sun Apr  5 20:41:20 2026
# Process ID         : 18000
# Current directory  : C:/Users/jjnat/Vault 451/Vivado Project/Final Project/Digital-Lock-Custom-16-bit-RISC-Soc/src
# Command line       : vivado.exe -gui_launcher_event rodinguilauncherevent22052 C:\Users\jjnat\Vault 451\Vivado Project\Final Project\Digital-Lock-Custom-16-bit-RISC-Soc\src\src.xpr
# Log file           : C:/Users/jjnat/Vault 451/Vivado Project/Final Project/Digital-Lock-Custom-16-bit-RISC-Soc/src/vivado.log
# Journal file       : C:/Users/jjnat/Vault 451/Vivado Project/Final Project/Digital-Lock-Custom-16-bit-RISC-Soc/src\vivado.jou
# Running On         : JustinThinkPad
# Platform           : Windows Server 2016 or Windows 10
# Operating System   : 26200
# Processor Detail   : AMD Ryzen 7 PRO 8840U w/ Radeon 780M Graphics  
# CPU Frequency      : 3294 MHz
# CPU Physical cores : 8
# CPU Logical cores  : 16
# Host memory        : 15748 MB
# Swap memory        : 6979 MB
# Total Virtual      : 22727 MB
# Available Virtual  : 9914 MB
#-----------------------------------------------------------
start_gui
open_project {C:/Users/jjnat/Vault 451/Vivado Project/Final Project/Digital-Lock-Custom-16-bit-RISC-Soc/src/src.xpr}
INFO: [ProjectBase 1-489] The host OS only allows 260 characters in a normal path. The project is stored in a path with more than 80 characters. If you experience issues with IP, Block Designs, or files not being found, please consider moving the project to a location with a shorter path. Alternately consider using the OS subst command to map part of the path to a drive letter.
Current project path is 'C:/Users/jjnat/Vault 451/Vivado Project/Final Project/Digital-Lock-Custom-16-bit-RISC-Soc/src'
WARNING: [Board 49-26] cannot add Board Part digilentinc.com:genesys2:part0:1.1 available at C:/Xilinx/Vivado/2024.2/data/boards/board_files/genesys2/H/board.xml as part xc7k325tffg900-2 specified in board_part file is either invalid or not available
INFO: [Project 1-313] Project file moved from 'C:/Users/jjnat/Vault 451/Vivado Project/Final Project/src' since last save.
INFO: [filemgmt 56-3] Default IP Output Path : Could not find the directory 'C:/Users/jjnat/Vault 451/Vivado Project/Final Project/Digital-Lock-Custom-16-bit-RISC-Soc/src/src.gen/sources_1'.
Scanning sources...
Finished scanning sources
INFO: [IP_Flow 19-234] Refreshing IP repositories
INFO: [IP_Flow 19-1704] No user IP repositories specified
INFO: [IP_Flow 19-2313] Loaded Vivado IP repository 'C:/Xilinx/Vivado/2024.2/data/ip'.
open_project: Time (s): cpu = 00:00:20 ; elapsed = 00:00:10 . Memory (MB): peak = 1258.293 ; gain = 160.547
update_compile_order -fileset sources_1
exit
INFO: [Common 17-206] Exiting Vivado at Sun Apr  5 23:59:30 2026...
