#-----------------------------------------------------------
# Vivado v2024.2 (64-bit)
# SW Build 5239630 on Fri Nov 08 22:35:27 MST 2024
# IP Build 5239520 on Sun Nov 10 16:12:51 MST 2024
# SharedData Build 5239561 on Fri Nov 08 14:39:27 MST 2024
# Start of session at: Tue May  5 15:32:11 2026
# Process ID         : 6520
# Current directory  : C:/Users/jjnat/Vault 451/Quote/Projects/Digital Design Techniques and Verification/Digital-Lock-Custom-16-bit-RISC-Soc/srcV2
# Command line       : vivado.exe -gui_launcher_event rodinguilauncherevent19688 C:\Users\jjnat\Vault 451\Quote\Projects\Digital Design Techniques and Verification\Digital-Lock-Custom-16-bit-RISC-Soc\srcV2\srcV2.xpr
# Log file           : C:/Users/jjnat/Vault 451/Quote/Projects/Digital Design Techniques and Verification/Digital-Lock-Custom-16-bit-RISC-Soc/srcV2/vivado.log
# Journal file       : C:/Users/jjnat/Vault 451/Quote/Projects/Digital Design Techniques and Verification/Digital-Lock-Custom-16-bit-RISC-Soc/srcV2\vivado.jou
# Running On         : Thinkpad
# Platform           : Windows Server 2016 or Windows 10
# Operating System   : 26200
# Processor Detail   : AMD Ryzen 7 PRO 8840U w/ Radeon 780M Graphics  
# CPU Frequency      : 3294 MHz
# CPU Physical cores : 8
# CPU Logical cores  : 16
# Host memory        : 15748 MB
# Swap memory        : 5905 MB
# Total Virtual      : 21653 MB
# Available Virtual  : 11425 MB
#-----------------------------------------------------------
start_gui
open_project {C:/Users/jjnat/Vault 451/Quote/Projects/Digital Design Techniques and Verification/Digital-Lock-Custom-16-bit-RISC-Soc/srcV2/srcV2.xpr}
INFO: [ProjectBase 1-489] The host OS only allows 260 characters in a normal path. The project is stored in a path with more than 80 characters. If you experience issues with IP, Block Designs, or files not being found, please consider moving the project to a location with a shorter path. Alternately consider using the OS subst command to map part of the path to a drive letter.
Current project path is 'C:/Users/jjnat/Vault 451/Quote/Projects/Digital Design Techniques and Verification/Digital-Lock-Custom-16-bit-RISC-Soc/srcV2'
WARNING: [Board 49-26] cannot add Board Part digilentinc.com:genesys2:part0:1.1 available at C:/Xilinx/Vivado/2024.2/data/boards/board_files/genesys2/H/board.xml as part xc7k325tffg900-2 specified in board_part file is either invalid or not available
INFO: [Project 1-313] Project file moved from 'C:/Users/jjnat/Vault 451/Quote/Projects/Digital Design Techniques and Verification/Final Project/Digital-Lock-Custom-16-bit-RISC-Soc/srcV2' since last save.
INFO: [filemgmt 56-3] Default IP Output Path : Could not find the directory 'C:/Users/jjnat/Vault 451/Quote/Projects/Digital Design Techniques and Verification/Digital-Lock-Custom-16-bit-RISC-Soc/srcV2/srcV2.gen/sources_1'.
Scanning sources...
Finished scanning sources
INFO: [IP_Flow 19-234] Refreshing IP repositories
INFO: [IP_Flow 19-1704] No user IP repositories specified
INFO: [IP_Flow 19-2313] Loaded Vivado IP repository 'C:/Xilinx/Vivado/2024.2/data/ip'.
open_project: Time (s): cpu = 00:00:19 ; elapsed = 00:00:09 . Memory (MB): peak = 1295.730 ; gain = 191.469
update_compile_order -fileset sources_1
synth_design -rtl -rtl_skip_mlo -name rtl_1
Command: synth_design -rtl -rtl_skip_mlo -name rtl_1
Starting synth_design
Using part: xc7a100tcsg324-1
Top: RISC_CPU
INFO: [Device 21-403] Loading part xc7a100tcsg324-1
INFO: [Synth 8-7079] Multithreading enabled for synth_design using a maximum of 2 processes.
INFO: [Synth 8-7078] Launching helper process for spawning children vivado processes
INFO: [Synth 8-7075] Helper process launched with PID 19552
---------------------------------------------------------------------------------
Starting RTL Elaboration : Time (s): cpu = 00:00:08 ; elapsed = 00:00:07 . Memory (MB): peak = 1953.848 ; gain = 458.051
---------------------------------------------------------------------------------
WARNING: [Synth 8-10940] macro 'OP_LDI' is redefined [C:/Users/jjnat/Vault 451/Quote/Projects/Digital Design Techniques and Verification/Digital-Lock-Custom-16-bit-RISC-Soc/srcV2/srcV2.srcs/sources_1/new/risc_cpu_core.v:4]
WARNING: [Synth 8-10940] macro 'OP_LD' is redefined [C:/Users/jjnat/Vault 451/Quote/Projects/Digital Design Techniques and Verification/Digital-Lock-Custom-16-bit-RISC-Soc/srcV2/srcV2.srcs/sources_1/new/risc_cpu_core.v:5]
WARNING: [Synth 8-10940] macro 'OP_ST' is redefined [C:/Users/jjnat/Vault 451/Quote/Projects/Digital Design Techniques and Verification/Digital-Lock-Custom-16-bit-RISC-Soc/srcV2/srcV2.srcs/sources_1/new/risc_cpu_core.v:6]
WARNING: [Synth 8-10940] macro 'OP_ADD' is redefined [C:/Users/jjnat/Vault 451/Quote/Projects/Digital Design Techniques and Verification/Digital-Lock-Custom-16-bit-RISC-Soc/srcV2/srcV2.srcs/sources_1/new/risc_cpu_core.v:7]
WARNING: [Synth 8-10940] macro 'OP_SUB' is redefined [C:/Users/jjnat/Vault 451/Quote/Projects/Digital Design Techniques and Verification/Digital-Lock-Custom-16-bit-RISC-Soc/srcV2/srcV2.srcs/sources_1/new/risc_cpu_core.v:8]
WARNING: [Synth 8-10940] macro 'OP_AND' is redefined [C:/Users/jjnat/Vault 451/Quote/Projects/Digital Design Techniques and Verification/Digital-Lock-Custom-16-bit-RISC-Soc/srcV2/srcV2.srcs/sources_1/new/risc_cpu_core.v:9]
WARNING: [Synth 8-10940] macro 'OP_OR' is redefined [C:/Users/jjnat/Vault 451/Quote/Projects/Digital Design Techniques and Verification/Digital-Lock-Custom-16-bit-RISC-Soc/srcV2/srcV2.srcs/sources_1/new/risc_cpu_core.v:10]
WARNING: [Synth 8-10940] macro 'OP_CMP' is redefined [C:/Users/jjnat/Vault 451/Quote/Projects/Digital Design Techniques and Verification/Digital-Lock-Custom-16-bit-RISC-Soc/srcV2/srcV2.srcs/sources_1/new/risc_cpu_core.v:11]
WARNING: [Synth 8-10940] macro 'OP_JMP' is redefined [C:/Users/jjnat/Vault 451/Quote/Projects/Digital Design Techniques and Verification/Digital-Lock-Custom-16-bit-RISC-Soc/srcV2/srcV2.srcs/sources_1/new/risc_cpu_core.v:12]
WARNING: [Synth 8-10940] macro 'OP_JZ' is redefined [C:/Users/jjnat/Vault 451/Quote/Projects/Digital Design Techniques and Verification/Digital-Lock-Custom-16-bit-RISC-Soc/srcV2/srcV2.srcs/sources_1/new/risc_cpu_core.v:13]
WARNING: [Synth 8-10940] macro 'OP_JNZ' is redefined [C:/Users/jjnat/Vault 451/Quote/Projects/Digital Design Techniques and Verification/Digital-Lock-Custom-16-bit-RISC-Soc/srcV2/srcV2.srcs/sources_1/new/risc_cpu_core.v:14]
WARNING: [Synth 8-10940] macro 'OP_JN' is redefined [C:/Users/jjnat/Vault 451/Quote/Projects/Digital Design Techniques and Verification/Digital-Lock-Custom-16-bit-RISC-Soc/srcV2/srcV2.srcs/sources_1/new/risc_cpu_core.v:15]
WARNING: [Synth 8-10940] macro 'OP_NOP' is redefined [C:/Users/jjnat/Vault 451/Quote/Projects/Digital Design Techniques and Verification/Digital-Lock-Custom-16-bit-RISC-Soc/srcV2/srcV2.srcs/sources_1/new/risc_cpu_core.v:16]
WARNING: [Synth 8-10940] macro 'OP_HALT' is redefined [C:/Users/jjnat/Vault 451/Quote/Projects/Digital Design Techniques and Verification/Digital-Lock-Custom-16-bit-RISC-Soc/srcV2/srcV2.srcs/sources_1/new/risc_cpu_core.v:17]
WARNING: [Synth 8-10940] macro 'OP_XOR' is redefined [C:/Users/jjnat/Vault 451/Quote/Projects/Digital Design Techniques and Verification/Digital-Lock-Custom-16-bit-RISC-Soc/srcV2/srcV2.srcs/sources_1/new/risc_cpu_core.v:18]
WARNING: [Synth 8-10940] macro 'OP_PASS' is redefined [C:/Users/jjnat/Vault 451/Quote/Projects/Digital Design Techniques and Verification/Digital-Lock-Custom-16-bit-RISC-Soc/srcV2/srcV2.srcs/sources_1/new/risc_cpu_core.v:19]
WARNING: [Synth 8-10940] macro 'ADDR_BT' is redefined [C:/Users/jjnat/Vault 451/Quote/Projects/Digital Design Techniques and Verification/Digital-Lock-Custom-16-bit-RISC-Soc/srcV2/srcV2.srcs/sources_1/new/risc_cpu_core.v:22]
WARNING: [Synth 8-10940] macro 'ADDR_SW' is redefined [C:/Users/jjnat/Vault 451/Quote/Projects/Digital Design Techniques and Verification/Digital-Lock-Custom-16-bit-RISC-Soc/srcV2/srcV2.srcs/sources_1/new/risc_cpu_core.v:23]
WARNING: [Synth 8-10940] macro 'ADDR_LED' is redefined [C:/Users/jjnat/Vault 451/Quote/Projects/Digital Design Techniques and Verification/Digital-Lock-Custom-16-bit-RISC-Soc/srcV2/srcV2.srcs/sources_1/new/risc_cpu_core.v:24]
WARNING: [Synth 8-10940] macro 'ADDR_RGB' is redefined [C:/Users/jjnat/Vault 451/Quote/Projects/Digital Design Techniques and Verification/Digital-Lock-Custom-16-bit-RISC-Soc/srcV2/srcV2.srcs/sources_1/new/risc_cpu_core.v:25]
WARNING: [Synth 8-10940] macro 'ADDR_SEG7' is redefined [C:/Users/jjnat/Vault 451/Quote/Projects/Digital Design Techniques and Verification/Digital-Lock-Custom-16-bit-RISC-Soc/srcV2/srcV2.srcs/sources_1/new/risc_cpu_core.v:26]
WARNING: [Synth 8-10940] macro 'ADDR_SEG0' is redefined [C:/Users/jjnat/Vault 451/Quote/Projects/Digital Design Techniques and Verification/Digital-Lock-Custom-16-bit-RISC-Soc/srcV2/srcV2.srcs/sources_1/new/risc_cpu_core.v:33]
INFO: [Synth 8-6157] synthesizing module 'RISC_CPU' [C:/Users/jjnat/Vault 451/Quote/Projects/Digital Design Techniques and Verification/Digital-Lock-Custom-16-bit-RISC-Soc/srcV2/srcV2.srcs/sources_1/new/RISC_CPU_top.v:20]
INFO: [Synth 8-6157] synthesizing module 'sync_2ff' [C:/Users/jjnat/Vault 451/Quote/Projects/Digital Design Techniques and Verification/Digital-Lock-Custom-16-bit-RISC-Soc/srcV2/srcV2.srcs/sources_1/new/sync_2ff.v:17]
	Parameter WIDTH bound to: 16 - type: integer 
INFO: [Synth 8-6155] done synthesizing module 'sync_2ff' (0#1) [C:/Users/jjnat/Vault 451/Quote/Projects/Digital Design Techniques and Verification/Digital-Lock-Custom-16-bit-RISC-Soc/srcV2/srcV2.srcs/sources_1/new/sync_2ff.v:17]
INFO: [Synth 8-6157] synthesizing module 'sync_2ff__parameterized0' [C:/Users/jjnat/Vault 451/Quote/Projects/Digital Design Techniques and Verification/Digital-Lock-Custom-16-bit-RISC-Soc/srcV2/srcV2.srcs/sources_1/new/sync_2ff.v:17]
	Parameter WIDTH bound to: 5 - type: integer 
INFO: [Synth 8-6155] done synthesizing module 'sync_2ff__parameterized0' (0#1) [C:/Users/jjnat/Vault 451/Quote/Projects/Digital Design Techniques and Verification/Digital-Lock-Custom-16-bit-RISC-Soc/srcV2/srcV2.srcs/sources_1/new/sync_2ff.v:17]
INFO: [Synth 8-6157] synthesizing module 'clock_enable' [C:/Users/jjnat/Vault 451/Quote/Projects/Digital Design Techniques and Verification/Digital-Lock-Custom-16-bit-RISC-Soc/srcV2/srcV2.srcs/sources_1/new/clock_enable.v:16]
	Parameter DIVISOR bound to: 50000 - type: integer 
INFO: [Synth 8-6155] done synthesizing module 'clock_enable' (0#1) [C:/Users/jjnat/Vault 451/Quote/Projects/Digital Design Techniques and Verification/Digital-Lock-Custom-16-bit-RISC-Soc/srcV2/srcV2.srcs/sources_1/new/clock_enable.v:16]
INFO: [Synth 8-6157] synthesizing module 'risc_cpu_core' [C:/Users/jjnat/Vault 451/Quote/Projects/Digital Design Techniques and Verification/Digital-Lock-Custom-16-bit-RISC-Soc/srcV2/srcV2.srcs/sources_1/new/risc_cpu_core.v:54]
INFO: [Synth 8-6157] synthesizing module 'instr_rom' [C:/Users/jjnat/Vault 451/Quote/Projects/Digital Design Techniques and Verification/Digital-Lock-Custom-16-bit-RISC-Soc/srcV2/srcV2.srcs/sources_1/new/instr_rom.v:17]
	Parameter ROM_DEPTH bound to: 1024 - type: integer 
INFO: [Synth 8-3876] $readmem data file 'program.mem' is read successfully [C:/Users/jjnat/Vault 451/Quote/Projects/Digital Design Techniques and Verification/Digital-Lock-Custom-16-bit-RISC-Soc/srcV2/srcV2.srcs/sources_1/new/instr_rom.v:34]
INFO: [Synth 8-6155] done synthesizing module 'instr_rom' (0#1) [C:/Users/jjnat/Vault 451/Quote/Projects/Digital Design Techniques and Verification/Digital-Lock-Custom-16-bit-RISC-Soc/srcV2/srcV2.srcs/sources_1/new/instr_rom.v:17]
INFO: [Synth 8-6157] synthesizing module 'data_ram' [C:/Users/jjnat/Vault 451/Quote/Projects/Digital Design Techniques and Verification/Digital-Lock-Custom-16-bit-RISC-Soc/srcV2/srcV2.srcs/sources_1/new/data_ram.v:18]
	Parameter ADDR_WIDTH bound to: 8 - type: integer 
	Parameter DATA_WIDTH bound to: 16 - type: integer 
INFO: [Synth 8-6155] done synthesizing module 'data_ram' (0#1) [C:/Users/jjnat/Vault 451/Quote/Projects/Digital Design Techniques and Verification/Digital-Lock-Custom-16-bit-RISC-Soc/srcV2/srcV2.srcs/sources_1/new/data_ram.v:18]
INFO: [Synth 8-6157] synthesizing module 'mmio' [C:/Users/jjnat/Vault 451/Quote/Projects/Digital Design Techniques and Verification/Digital-Lock-Custom-16-bit-RISC-Soc/srcV2/srcV2.srcs/sources_1/new/mmio.v:65]
INFO: [Synth 8-6155] done synthesizing module 'mmio' (0#1) [C:/Users/jjnat/Vault 451/Quote/Projects/Digital Design Techniques and Verification/Digital-Lock-Custom-16-bit-RISC-Soc/srcV2/srcV2.srcs/sources_1/new/mmio.v:65]
INFO: [Synth 8-226] default block is never used [C:/Users/jjnat/Vault 451/Quote/Projects/Digital Design Techniques and Verification/Digital-Lock-Custom-16-bit-RISC-Soc/srcV2/srcV2.srcs/sources_1/new/risc_cpu_core.v:204]
INFO: [Synth 8-6155] done synthesizing module 'risc_cpu_core' (0#1) [C:/Users/jjnat/Vault 451/Quote/Projects/Digital Design Techniques and Verification/Digital-Lock-Custom-16-bit-RISC-Soc/srcV2/srcV2.srcs/sources_1/new/risc_cpu_core.v:54]
INFO: [Synth 8-6157] synthesizing module 'sevenseg_scan' [C:/Users/jjnat/Vault 451/Quote/Projects/Digital Design Techniques and Verification/Digital-Lock-Custom-16-bit-RISC-Soc/srcV2/srcV2.srcs/sources_1/new/sevenseg_scan.v:16]
INFO: [Synth 8-226] default block is never used [C:/Users/jjnat/Vault 451/Quote/Projects/Digital Design Techniques and Verification/Digital-Lock-Custom-16-bit-RISC-Soc/srcV2/srcV2.srcs/sources_1/new/sevenseg_scan.v:62]
INFO: [Synth 8-6157] synthesizing module 'sevenseg_decode' [C:/Users/jjnat/Vault 451/Quote/Projects/Digital Design Techniques and Verification/Digital-Lock-Custom-16-bit-RISC-Soc/srcV2/srcV2.srcs/sources_1/new/sevenseg_decode.v:20]
INFO: [Synth 8-226] default block is never used [C:/Users/jjnat/Vault 451/Quote/Projects/Digital Design Techniques and Verification/Digital-Lock-Custom-16-bit-RISC-Soc/srcV2/srcV2.srcs/sources_1/new/sevenseg_decode.v:37]
INFO: [Synth 8-6155] done synthesizing module 'sevenseg_decode' (0#1) [C:/Users/jjnat/Vault 451/Quote/Projects/Digital Design Techniques and Verification/Digital-Lock-Custom-16-bit-RISC-Soc/srcV2/srcV2.srcs/sources_1/new/sevenseg_decode.v:20]
INFO: [Synth 8-6155] done synthesizing module 'sevenseg_scan' (0#1) [C:/Users/jjnat/Vault 451/Quote/Projects/Digital Design Techniques and Verification/Digital-Lock-Custom-16-bit-RISC-Soc/srcV2/srcV2.srcs/sources_1/new/sevenseg_scan.v:16]
INFO: [Synth 8-6155] done synthesizing module 'RISC_CPU' (0#1) [C:/Users/jjnat/Vault 451/Quote/Projects/Digital Design Techniques and Verification/Digital-Lock-Custom-16-bit-RISC-Soc/srcV2/srcV2.srcs/sources_1/new/RISC_CPU_top.v:20]
WARNING: [Synth 8-6014] Unused sequential element regs_reg[0] was removed.  [C:/Users/jjnat/Vault 451/Quote/Projects/Digital Design Techniques and Verification/Digital-Lock-Custom-16-bit-RISC-Soc/srcV2/srcV2.srcs/sources_1/new/risc_cpu_core.v:117]
---------------------------------------------------------------------------------
Finished RTL Elaboration : Time (s): cpu = 00:00:11 ; elapsed = 00:00:10 . Memory (MB): peak = 2088.004 ; gain = 592.207
---------------------------------------------------------------------------------
---------------------------------------------------------------------------------
Start Handling Custom Attributes
---------------------------------------------------------------------------------
---------------------------------------------------------------------------------
Finished Handling Custom Attributes : Time (s): cpu = 00:00:12 ; elapsed = 00:00:10 . Memory (MB): peak = 2088.004 ; gain = 592.207
---------------------------------------------------------------------------------
---------------------------------------------------------------------------------
Finished RTL Optimization Phase 1 : Time (s): cpu = 00:00:12 ; elapsed = 00:00:10 . Memory (MB): peak = 2088.004 ; gain = 592.207
---------------------------------------------------------------------------------
Netlist sorting complete. Time (s): cpu = 00:00:00 ; elapsed = 00:00:00.057 . Memory (MB): peak = 2088.004 ; gain = 0.000
INFO: [Project 1-570] Preparing netlist for logic optimization

Processing XDC Constraints
Initializing timing engine
Parsing XDC File [C:/Users/jjnat/Vault 451/Quote/Projects/Digital Design Techniques and Verification/Digital-Lock-Custom-16-bit-RISC-Soc/srcV2/srcV2.srcs/constrs_1/imports/References/NexysA7-100t.xdc]
Finished Parsing XDC File [C:/Users/jjnat/Vault 451/Quote/Projects/Digital Design Techniques and Verification/Digital-Lock-Custom-16-bit-RISC-Soc/srcV2/srcV2.srcs/constrs_1/imports/References/NexysA7-100t.xdc]
Completed Processing XDC Constraints

Netlist sorting complete. Time (s): cpu = 00:00:00 ; elapsed = 00:00:00.001 . Memory (MB): peak = 2187.551 ; gain = 0.000
INFO: [Project 1-111] Unisim Transformation Summary:
No Unisim elements were transformed.

RTL Elaboration Complete:  : Time (s): cpu = 00:00:32 ; elapsed = 00:00:21 . Memory (MB): peak = 2458.191 ; gain = 962.395
30 Infos, 23 Warnings, 0 Critical Warnings and 0 Errors encountered.
synth_design completed successfully
synth_design: Time (s): cpu = 00:00:35 ; elapsed = 00:00:25 . Memory (MB): peak = 2458.191 ; gain = 1134.918
open_hw_manager
connect_hw_server -allow_non_jtag
INFO: [Labtools 27-2285] Connecting to hw_server url TCP:localhost:3121
INFO: [Labtools 27-2222] Launching hw_server...
INFO: [Labtools 27-2221] Launch Output:

****** Xilinx hw_server v2024.2
  **** Build date : Oct 29 2024 at 10:25:41
    ** Copyright 1986-2022 Xilinx, Inc. All Rights Reserved.


INFO: [Labtools 27-3415] Connecting to cs_server url TCP:localhost:0
INFO: [Labtools 27-3417] Launching cs_server...
INFO: [Labtools 27-2221] Launch Output:


******** Xilinx cs_server v2024.2.0
  ****** Build date   : Oct 30 2024-11:19:07
    **** Build number : 2024.2.1730312347
      ** Copyright 2017-2022 Xilinx, Inc. All Rights Reserved.
      ** Copyright 2022-2026 Advanced Micro Devices, Inc. All Rights Reserved.



connect_hw_server: Time (s): cpu = 00:00:02 ; elapsed = 00:00:08 . Memory (MB): peak = 2487.453 ; gain = 6.133
open_hw_target
INFO: [Labtoolstcl 44-466] Opening hw_target localhost:3121/xilinx_tcf/Digilent/210292B17F33A
set_property PROGRAM.FILE {C:/Users/jjnat/Vault 451/Quote/Projects/Digital Design Techniques and Verification/Digital-Lock-Custom-16-bit-RISC-Soc/srcV2/srcV2.runs/impl_1/RISC_CPU.bit} [get_hw_devices xc7a100t_0]
current_hw_device [get_hw_devices xc7a100t_0]
refresh_hw_device -update_hw_probes false [lindex [get_hw_devices xc7a100t_0] 0]
INFO: [Labtools 27-1434] Device xc7a100t (JTAG device index = 0) is programmed with a design that has no supported debug core(s) in it.
set_property PROBES.FILE {} [get_hw_devices xc7a100t_0]
set_property FULL_PROBES.FILE {} [get_hw_devices xc7a100t_0]
set_property PROGRAM.FILE {C:/Users/jjnat/Vault 451/Quote/Projects/Digital Design Techniques and Verification/Digital-Lock-Custom-16-bit-RISC-Soc/srcV2/srcV2.runs/impl_1/RISC_CPU.bit} [get_hw_devices xc7a100t_0]
program_hw_devices [get_hw_devices xc7a100t_0]
INFO: [Labtools 27-3164] End of startup status: HIGH
refresh_hw_device [lindex [get_hw_devices xc7a100t_0] 0]
INFO: [Labtools 27-1434] Device xc7a100t (JTAG device index = 0) is programmed with a design that has no supported debug core(s) in it.
ERROR: [Labtoolstcl 44-513] HW Target shutdown. Closing target: localhost:3121/xilinx_tcf/Digilent/210292B17F33A
exit
INFO: [Common 17-206] Exiting Vivado at Tue May  5 15:44:22 2026...
